{"contracts/SimpleVotingSystem.sol":{"l":{"24":14,"25":13,"26":13,"28":13,"29":40,"31":40,"32":40,"36":39,"41":39,"42":39,"43":39,"48":7,"52":6,"54":5,"56":5,"64":3,"66":3,"67":9,"68":9,"70":9},"path":"/Users/Renan.Chagas/experimental-projects/eth/src/simple-vote-system/contracts/SimpleVotingSystem.sol","s":{"1":14,"2":13,"3":13,"4":13,"5":40,"6":40,"7":40,"8":39,"9":39,"10":39,"11":39,"12":7,"13":6,"14":5,"15":5,"16":3,"17":3,"18":9,"19":9,"20":9},"b":{"1":[13,1],"2":[13,0],"3":[40,0],"4":[39,1],"5":[39,0],"6":[6,1],"7":[5,1],"8":[3,0]},"f":{"1":14,"2":7,"3":3},"fnMap":{"1":{"name":"constructor","line":22,"loc":{"start":{"line":22,"column":4},"end":{"line":45,"column":4}}},"2":{"name":"vote","line":47,"loc":{"start":{"line":47,"column":4},"end":{"line":61,"column":4}}},"3":{"name":"getResults","line":63,"loc":{"start":{"line":63,"column":4},"end":{"line":72,"column":4}}}},"statementMap":{"1":{"start":{"line":24,"column":8},"end":{"line":24,"column":79}},"2":{"start":{"line":25,"column":8},"end":{"line":25,"column":62}},"3":{"start":{"line":26,"column":8},"end":{"line":26,"column":28}},"4":{"start":{"line":28,"column":8},"end":{"line":28,"column":782}},"5":{"start":{"line":29,"column":12},"end":{"line":29,"column":70}},"6":{"start":{"line":31,"column":12},"end":{"line":31,"column":87}},"7":{"start":{"line":32,"column":12},"end":{"line":32,"column":1023}},"8":{"start":{"line":36,"column":12},"end":{"line":36,"column":1186}},"9":{"start":{"line":41,"column":12},"end":{"line":41,"column":40}},"10":{"start":{"line":42,"column":12},"end":{"line":42,"column":65}},"11":{"start":{"line":43,"column":12},"end":{"line":43,"column":48}},"12":{"start":{"line":48,"column":8},"end":{"line":48,"column":1545}},"13":{"start":{"line":52,"column":8},"end":{"line":52,"column":70}},"14":{"start":{"line":54,"column":8},"end":{"line":54,"column":44}},"15":{"start":{"line":56,"column":8},"end":{"line":56,"column":1824}},"16":{"start":{"line":64,"column":8},"end":{"line":64,"column":65}},"17":{"start":{"line":66,"column":8},"end":{"line":66,"column":2098}},"18":{"start":{"line":67,"column":12},"end":{"line":67,"column":73}},"19":{"start":{"line":68,"column":12},"end":{"line":68,"column":60}},"20":{"start":{"line":70,"column":12},"end":{"line":70,"column":54}}},"branchMap":{"1":{"line":24,"type":"if","locations":[{"start":{"line":24,"column":8},"end":{"line":24,"column":8}},{"start":{"line":24,"column":8},"end":{"line":24,"column":8}}]},"2":{"line":25,"type":"if","locations":[{"start":{"line":25,"column":8},"end":{"line":25,"column":8}},{"start":{"line":25,"column":8},"end":{"line":25,"column":8}}]},"3":{"line":31,"type":"if","locations":[{"start":{"line":31,"column":12},"end":{"line":31,"column":12}},{"start":{"line":31,"column":12},"end":{"line":31,"column":12}}]},"4":{"line":32,"type":"if","locations":[{"start":{"line":32,"column":12},"end":{"line":32,"column":12}},{"start":{"line":32,"column":12},"end":{"line":32,"column":12}}]},"5":{"line":36,"type":"if","locations":[{"start":{"line":36,"column":12},"end":{"line":36,"column":12}},{"start":{"line":36,"column":12},"end":{"line":36,"column":12}}]},"6":{"line":48,"type":"if","locations":[{"start":{"line":48,"column":8},"end":{"line":48,"column":8}},{"start":{"line":48,"column":8},"end":{"line":48,"column":8}}]},"7":{"line":52,"type":"if","locations":[{"start":{"line":52,"column":8},"end":{"line":52,"column":8}},{"start":{"line":52,"column":8},"end":{"line":52,"column":8}}]},"8":{"line":64,"type":"if","locations":[{"start":{"line":64,"column":8},"end":{"line":64,"column":8}},{"start":{"line":64,"column":8},"end":{"line":64,"column":8}}]}}}}